<?xml version="1.0" encoding="UTF-8"?>
<coverage generated="1770369325321" clover="3.2.0">
  <project timestamp="1770369325321" name="All files">
    <metrics statements="129" coveredstatements="98" conditionals="83" coveredconditionals="56" methods="13" coveredmethods="12" elements="225" coveredelements="166" complexity="0" loc="129" ncloc="129" packages="2" files="4" classes="4"/>
    <package name="src">
      <metrics statements="2" coveredstatements="2" conditionals="20" coveredconditionals="20" methods="0" coveredmethods="0"/>
      <file name="config.ts" path="/Users/robertsasu/RustProjects/agentic-payments/x402_integration/multiversx-openclaw-relayer/src/config.ts">
        <metrics statements="2" coveredstatements="2" conditionals="20" coveredconditionals="20" methods="0" coveredmethods="0"/>
        <line num="4" count="1" type="stmt"/>
        <line num="21" count="1" type="stmt"/>
      </file>
    </package>
    <package name="src.services">
      <metrics statements="127" coveredstatements="96" conditionals="63" coveredconditionals="36" methods="13" coveredmethods="12"/>
      <file name="ChallengeManager.ts" path="/Users/robertsasu/RustProjects/agentic-payments/x402_integration/multiversx-openclaw-relayer/src/services/ChallengeManager.ts">
        <metrics statements="29" coveredstatements="26" conditionals="14" coveredconditionals="9" methods="4" coveredmethods="4"/>
        <line num="13" count="5" type="stmt"/>
        <line num="21" count="5" type="stmt"/>
        <line num="22" count="5" type="stmt"/>
        <line num="26" count="2" type="stmt"/>
        <line num="27" count="2" type="stmt"/>
        <line num="29" count="2" type="stmt"/>
        <line num="37" count="2" type="stmt"/>
        <line num="38" count="2" type="stmt"/>
        <line num="42" count="32" type="stmt"/>
        <line num="43" count="32" type="cond" truecount="1" falsecount="1"/>
        <line num="45" count="32" type="cond" truecount="1" falsecount="1"/>
        <line num="46" count="0" type="stmt"/>
        <line num="47" count="0" type="stmt"/>
        <line num="50" count="32" type="stmt"/>
        <line num="51" count="32" type="stmt"/>
        <line num="53" count="32" type="cond" truecount="2" falsecount="0"/>
        <line num="54" count="31" type="stmt"/>
        <line num="57" count="31" type="stmt"/>
        <line num="60" count="1" type="stmt"/>
        <line num="61" count="1" type="stmt"/>
        <line num="62" count="1" type="stmt"/>
        <line num="69" count="32" type="stmt"/>
        <line num="70" count="32" type="stmt"/>
        <line num="73" count="32" type="stmt"/>
        <line num="74" count="0" type="cond" truecount="0" falsecount="2"/>
        <line num="78" count="32" type="cond" truecount="1" falsecount="1"/>
        <line num="79" count="32" type="stmt"/>
        <line num="82" count="32" type="cond" truecount="2" falsecount="0"/>
        <line num="85" count="1" type="stmt"/>
      </file>
      <file name="QuotaManager.ts" path="/Users/robertsasu/RustProjects/agentic-payments/x402_integration/multiversx-openclaw-relayer/src/services/QuotaManager.ts">
        <metrics statements="16" coveredstatements="14" conditionals="8" coveredconditionals="7" methods="4" coveredmethods="4"/>
        <line num="12" count="5" type="stmt"/>
        <line num="13" count="5" type="stmt"/>
        <line num="14" count="5" type="stmt"/>
        <line num="18" count="5" type="stmt"/>
        <line num="28" count="3" type="stmt"/>
        <line num="29" count="3" type="stmt"/>
        <line num="33" count="3" type="cond" truecount="2" falsecount="0"/>
        <line num="36" count="1" type="cond" truecount="1" falsecount="1"/>
        <line num="37" count="0" type="stmt"/>
        <line num="40" count="0" type="stmt"/>
        <line num="43" count="1" type="stmt"/>
        <line num="47" count="12" type="stmt"/>
        <line num="48" count="12" type="stmt"/>
        <line num="52" count="12" type="cond" truecount="2" falsecount="0"/>
        <line num="53" count="3" type="stmt"/>
        <line num="59" count="9" type="stmt"/>
      </file>
      <file name="RelayerService.ts" path="/Users/robertsasu/RustProjects/agentic-payments/x402_integration/multiversx-openclaw-relayer/src/services/RelayerService.ts">
        <metrics statements="82" coveredstatements="56" conditionals="41" coveredconditionals="20" methods="5" coveredmethods="4"/>
        <line num="54" count="5" type="stmt"/>
        <line num="55" count="5" type="stmt"/>
        <line num="56" count="5" type="stmt"/>
        <line num="57" count="5" type="stmt"/>
        <line num="58" count="5" type="stmt"/>
        <line num="62" count="0" type="stmt"/>
        <line num="66" count="3" type="stmt"/>
        <line num="67" count="3" type="stmt"/>
        <line num="68" count="3" type="stmt"/>
        <line num="70" count="3" type="stmt"/>
        <line num="71" count="3" type="stmt"/>
        <line num="72" count="3" type="stmt"/>
        <line num="74" count="3" type="stmt"/>
        <line num="76" count="0" type="stmt"/>
        <line num="77" count="0" type="stmt"/>
        <line num="82" count="2" type="cond" truecount="1" falsecount="1"/>
        <line num="83" count="0" type="stmt"/>
        <line num="84" count="0" type="stmt"/>
        <line num="87" count="2" type="stmt"/>
        <line num="88" count="2" type="stmt"/>
        <line num="92" count="2" type="stmt"/>
        <line num="93" count="2" type="stmt"/>
        <line num="99" count="2" type="stmt"/>
        <line num="103" count="2" type="cond" truecount="1" falsecount="1"/>
        <line num="105" count="2" type="cond" truecount="3" falsecount="1"/>
        <line num="106" count="0" type="stmt"/>
        <line num="109" count="0" type="stmt"/>
        <line num="114" count="2" type="stmt"/>
        <line num="116" count="2" type="cond" truecount="1" falsecount="1"/>
        <line num="118" count="2" type="stmt"/>
        <line num="119" count="2" type="stmt"/>
        <line num="121" count="0" type="stmt"/>
        <line num="122" count="0" type="stmt"/>
        <line num="130" count="3" type="stmt"/>
        <line num="131" count="3" type="stmt"/>
        <line num="134" count="3" type="cond" truecount="2" falsecount="0"/>
        <line num="135" count="1" type="stmt"/>
        <line num="136" count="1" type="stmt"/>
        <line num="140" count="2" type="stmt"/>
        <line num="141" count="2" type="stmt"/>
        <line num="143" count="2" type="cond" truecount="1" falsecount="1"/>
        <line num="144" count="2" type="stmt"/>
        <line num="146" count="0" type="stmt"/>
        <line num="149" count="0" type="cond" truecount="0" falsecount="2"/>
        <line num="153" count="0" type="stmt"/>
        <line num="154" count="0" type="stmt"/>
        <line num="158" count="0" type="stmt"/>
        <line num="162" count="2" type="cond" truecount="1" falsecount="1"/>
        <line num="163" count="0" type="stmt"/>
        <line num="167" count="2" type="stmt"/>
        <line num="170" count="2" type="stmt"/>
        <line num="174" count="2" type="cond" truecount="3" falsecount="1"/>
        <line num="175" count="0" type="stmt"/>
        <line num="180" count="2" type="cond" truecount="1" falsecount="1"/>
        <line num="181" count="0" type="stmt"/>
        <line num="186" count="2" type="stmt"/>
        <line num="187" count="2" type="stmt"/>
        <line num="192" count="2" type="stmt"/>
        <line num="193" count="2" type="stmt"/>
        <line num="194" count="2" type="stmt"/>
        <line num="195" count="2" type="stmt"/>
        <line num="201" count="2" type="stmt"/>
        <line num="202" count="3" type="stmt"/>
        <line num="204" count="3" type="cond" truecount="1" falsecount="1"/>
        <line num="206" count="3" type="cond" truecount="3" falsecount="0"/>
        <line num="208" count="3" type="cond" truecount="1" falsecount="1"/>
        <line num="210" count="0" type="cond" truecount="0" falsecount="3"/>
        <line num="211" count="0" type="stmt"/>
        <line num="212" count="0" type="stmt"/>
        <line num="214" count="2" type="stmt"/>
        <line num="216" count="0" type="cond" truecount="0" falsecount="2"/>
        <line num="217" count="0" type="stmt"/>
        <line num="218" count="0" type="stmt"/>
        <line num="222" count="2" type="stmt"/>
        <line num="223" count="2" type="stmt"/>
        <line num="224" count="2" type="stmt"/>
        <line num="225" count="2" type="stmt"/>
        <line num="226" count="2" type="stmt"/>
        <line num="227" count="2" type="stmt"/>
        <line num="229" count="0" type="cond" truecount="0" falsecount="2"/>
        <line num="230" count="0" type="stmt"/>
        <line num="231" count="0" type="stmt"/>
      </file>
    </package>
  </project>
</coverage>
