{"/Users/robertsasu/RustProjects/agentic-payments/x402_integration/multiversx-openclaw-relayer/src/config.ts": {"path":"/Users/robertsasu/RustProjects/agentic-payments/x402_integration/multiversx-openclaw-relayer/src/config.ts","statementMap":{"0":{"start":{"line":4,"column":0},"end":{"line":4,"column":null}},"1":{"start":{"line":21,"column":33},"end":{"line":35,"column":null}}},"fnMap":{},"branchMap":{"0":{"loc":{"start":{"line":23,"column":4},"end":{"line":23,"column":null}},"type":"binary-expr","locations":[{"start":{"line":23,"column":4},"end":{"line":23,"column":36}},{"start":{"line":23,"column":36},"end":{"line":23,"column":null}}],"line":23},"1":{"loc":{"start":{"line":24,"column":27},"end":{"line":24,"column":null}},"type":"binary-expr","locations":[{"start":{"line":24,"column":27},"end":{"line":24,"column":68}},{"start":{"line":24,"column":68},"end":{"line":24,"column":null}}],"line":24},"2":{"loc":{"start":{"line":25,"column":29},"end":{"line":25,"column":null}},"type":"binary-expr","locations":[{"start":{"line":25,"column":29},"end":{"line":25,"column":72}},{"start":{"line":25,"column":72},"end":{"line":25,"column":null}}],"line":25},"3":{"loc":{"start":{"line":26,"column":29},"end":{"line":26,"column":null}},"type":"binary-expr","locations":[{"start":{"line":26,"column":29},"end":{"line":26,"column":72}},{"start":{"line":26,"column":72},"end":{"line":26,"column":null}}],"line":26},"4":{"loc":{"start":{"line":27,"column":23},"end":{"line":27,"column":56}},"type":"binary-expr","locations":[{"start":{"line":27,"column":23},"end":{"line":27,"column":50}},{"start":{"line":27,"column":50},"end":{"line":27,"column":56}}],"line":27},"5":{"loc":{"start":{"line":28,"column":10},"end":{"line":28,"column":null}},"type":"binary-expr","locations":[{"start":{"line":28,"column":10},"end":{"line":28,"column":33}},{"start":{"line":28,"column":33},"end":{"line":28,"column":null}}],"line":28},"6":{"loc":{"start":{"line":29,"column":21},"end":{"line":29,"column":null}},"type":"binary-expr","locations":[{"start":{"line":29,"column":21},"end":{"line":29,"column":56}},{"start":{"line":29,"column":56},"end":{"line":29,"column":null}}],"line":29},"7":{"loc":{"start":{"line":30,"column":17},"end":{"line":30,"column":45}},"type":"binary-expr","locations":[{"start":{"line":30,"column":17},"end":{"line":30,"column":37}},{"start":{"line":30,"column":37},"end":{"line":30,"column":45}}],"line":30},"8":{"loc":{"start":{"line":31,"column":29},"end":{"line":31,"column":68}},"type":"binary-expr","locations":[{"start":{"line":31,"column":29},"end":{"line":31,"column":62}},{"start":{"line":31,"column":62},"end":{"line":31,"column":68}}],"line":31},"9":{"loc":{"start":{"line":32,"column":32},"end":{"line":32,"column":74}},"type":"binary-expr","locations":[{"start":{"line":32,"column":32},"end":{"line":32,"column":68}},{"start":{"line":32,"column":68},"end":{"line":32,"column":74}}],"line":32}},"s":{"0":1,"1":1},"f":{},"b":{"0":[1,1],"1":[1,1],"2":[1,1],"3":[1,1],"4":[1,1],"5":[1,1],"6":[1,1],"7":[1,1],"8":[1,1],"9":[1,1]},"meta":{"lastBranch":10,"lastFunction":0,"lastStatement":2,"seen":{"s:4:0:4:Infinity":0,"s:21:33:35:Infinity":1,"b:23:4:23:36:23:36:23:Infinity":0,"b:24:27:24:68:24:68:24:Infinity":1,"b:25:29:25:72:25:72:25:Infinity":2,"b:26:29:26:72:26:72:26:Infinity":3,"b:27:23:27:50:27:50:27:56":4,"b:28:10:28:33:28:33:28:Infinity":5,"b:29:21:29:56:29:56:29:Infinity":6,"b:30:17:30:37:30:37:30:45":7,"b:31:29:31:62:31:62:31:68":8,"b:32:32:32:68:32:68:32:74":9}}}
,"/Users/robertsasu/RustProjects/agentic-payments/x402_integration/multiversx-openclaw-relayer/src/services/ChallengeManager.ts": {"path":"/Users/robertsasu/RustProjects/agentic-payments/x402_integration/multiversx-openclaw-relayer/src/services/ChallengeManager.ts","statementMap":{"0":{"start":{"line":13,"column":47},"end":{"line":13,"column":null}},"1":{"start":{"line":21,"column":4},"end":{"line":21,"column":null}},"2":{"start":{"line":22,"column":4},"end":{"line":22,"column":null}},"3":{"start":{"line":26,"column":10},"end":{"line":26,"column":null}},"4":{"start":{"line":27,"column":22},"end":{"line":27,"column":null}},"5":{"start":{"line":29,"column":33},"end":{"line":35,"column":null}},"6":{"start":{"line":37,"column":4},"end":{"line":37,"column":null}},"7":{"start":{"line":38,"column":4},"end":{"line":38,"column":null}},"8":{"start":{"line":42,"column":22},"end":{"line":42,"column":null}},"9":{"start":{"line":43,"column":4},"end":{"line":43,"column":null}},"10":{"start":{"line":43,"column":20},"end":{"line":43,"column":null}},"11":{"start":{"line":45,"column":4},"end":{"line":48,"column":null}},"12":{"start":{"line":46,"column":6},"end":{"line":46,"column":null}},"13":{"start":{"line":47,"column":6},"end":{"line":47,"column":null}},"14":{"start":{"line":50,"column":17},"end":{"line":50,"column":null}},"15":{"start":{"line":51,"column":10},"end":{"line":51,"column":null}},"16":{"start":{"line":53,"column":4},"end":{"line":58,"column":null}},"17":{"start":{"line":54,"column":6},"end":{"line":56,"column":null}},"18":{"start":{"line":57,"column":6},"end":{"line":57,"column":null}},"19":{"start":{"line":60,"column":4},"end":{"line":60,"column":null}},"20":{"start":{"line":61,"column":4},"end":{"line":61,"column":null}},"21":{"start":{"line":62,"column":4},"end":{"line":62,"column":null}},"22":{"start":{"line":69,"column":22},"end":{"line":69,"column":null}},"23":{"start":{"line":70,"column":26},"end":{"line":70,"column":null}},"24":{"start":{"line":73,"column":4},"end":{"line":75,"column":null}},"25":{"start":{"line":73,"column":17},"end":{"line":73,"column":20}},"26":{"start":{"line":74,"column":6},"end":{"line":74,"column":null}},"27":{"start":{"line":74,"column":25},"end":{"line":74,"column":null}},"28":{"start":{"line":78,"column":4},"end":{"line":83,"column":null}},"29":{"start":{"line":79,"column":23},"end":{"line":79,"column":null}},"30":{"start":{"line":82,"column":6},"end":{"line":82,"column":null}},"31":{"start":{"line":82,"column":48},"end":{"line":82,"column":null}},"32":{"start":{"line":85,"column":4},"end":{"line":85,"column":null}}},"fnMap":{"0":{"name":"(anonymous_0)","decl":{"start":{"line":17,"column":2},"end":{"line":17,"column":null}},"loc":{"start":{"line":20,"column":4},"end":{"line":23,"column":null}},"line":20},"1":{"name":"(anonymous_1)","decl":{"start":{"line":25,"column":2},"end":{"line":25,"column":15}},"loc":{"start":{"line":25,"column":43},"end":{"line":39,"column":null}},"line":25},"2":{"name":"(anonymous_2)","decl":{"start":{"line":41,"column":2},"end":{"line":41,"column":17}},"loc":{"start":{"line":41,"column":58},"end":{"line":63,"column":null}},"line":41},"3":{"name":"(anonymous_3)","decl":{"start":{"line":68,"column":10},"end":{"line":68,"column":26}},"loc":{"start":{"line":68,"column":69},"end":{"line":86,"column":null}},"line":68}},"branchMap":{"0":{"loc":{"start":{"line":18,"column":4},"end":{"line":18,"column":null}},"type":"default-arg","locations":[{"start":{"line":18,"column":25},"end":{"line":18,"column":null}}],"line":18},"1":{"loc":{"start":{"line":19,"column":4},"end":{"line":19,"column":null}},"type":"default-arg","locations":[{"start":{"line":19,"column":29},"end":{"line":19,"column":null}}],"line":19},"2":{"loc":{"start":{"line":43,"column":4},"end":{"line":43,"column":null}},"type":"if","locations":[{"start":{"line":43,"column":4},"end":{"line":43,"column":null}},{"start":{},"end":{}}],"line":43},"3":{"loc":{"start":{"line":45,"column":4},"end":{"line":48,"column":null}},"type":"if","locations":[{"start":{"line":45,"column":4},"end":{"line":48,"column":null}},{"start":{},"end":{}}],"line":45},"4":{"loc":{"start":{"line":53,"column":4},"end":{"line":58,"column":null}},"type":"if","locations":[{"start":{"line":53,"column":4},"end":{"line":58,"column":null}},{"start":{},"end":{}}],"line":53},"5":{"loc":{"start":{"line":74,"column":6},"end":{"line":74,"column":null}},"type":"if","locations":[{"start":{"line":74,"column":6},"end":{"line":74,"column":null}},{"start":{},"end":{}}],"line":74},"6":{"loc":{"start":{"line":78,"column":4},"end":{"line":83,"column":null}},"type":"if","locations":[{"start":{"line":78,"column":4},"end":{"line":83,"column":null}},{"start":{},"end":{}}],"line":78},"7":{"loc":{"start":{"line":82,"column":6},"end":{"line":82,"column":null}},"type":"if","locations":[{"start":{"line":82,"column":6},"end":{"line":82,"column":null}},{"start":{},"end":{}}],"line":82}},"s":{"0":5,"1":5,"2":5,"3":2,"4":2,"5":2,"6":2,"7":2,"8":32,"9":32,"10":0,"11":32,"12":0,"13":0,"14":32,"15":32,"16":32,"17":31,"18":31,"19":1,"20":1,"21":1,"22":32,"23":32,"24":32,"25":32,"26":0,"27":0,"28":32,"29":32,"30":32,"31":31,"32":1},"f":{"0":5,"1":2,"2":32,"3":32},"b":{"0":[5],"1":[5],"2":[0,32],"3":[0,32],"4":[31,1],"5":[0,0],"6":[32,0],"7":[31,1]},"meta":{"lastBranch":8,"lastFunction":4,"lastStatement":33,"seen":{"s:13:47:13:Infinity":0,"f:17:2:17:Infinity":0,"b:18:25:18:Infinity":0,"b:19:29:19:Infinity":1,"s:21:4:21:Infinity":1,"s:22:4:22:Infinity":2,"f:25:2:25:15":1,"s:26:10:26:Infinity":3,"s:27:22:27:Infinity":4,"s:29:33:35:Infinity":5,"s:37:4:37:Infinity":6,"s:38:4:38:Infinity":7,"f:41:2:41:17":2,"s:42:22:42:Infinity":8,"b:43:4:43:Infinity:undefined:undefined:undefined:undefined":2,"s:43:4:43:Infinity":9,"s:43:20:43:Infinity":10,"b:45:4:48:Infinity:undefined:undefined:undefined:undefined":3,"s:45:4:48:Infinity":11,"s:46:6:46:Infinity":12,"s:47:6:47:Infinity":13,"s:50:17:50:Infinity":14,"s:51:10:51:Infinity":15,"b:53:4:58:Infinity:undefined:undefined:undefined:undefined":4,"s:53:4:58:Infinity":16,"s:54:6:56:Infinity":17,"s:57:6:57:Infinity":18,"s:60:4:60:Infinity":19,"s:61:4:61:Infinity":20,"s:62:4:62:Infinity":21,"f:68:10:68:26":3,"s:69:22:69:Infinity":22,"s:70:26:70:Infinity":23,"s:73:4:75:Infinity":24,"s:73:17:73:20":25,"b:74:6:74:Infinity:undefined:undefined:undefined:undefined":5,"s:74:6:74:Infinity":26,"s:74:25:74:Infinity":27,"b:78:4:83:Infinity:undefined:undefined:undefined:undefined":6,"s:78:4:83:Infinity":28,"s:79:23:79:Infinity":29,"b:82:6:82:Infinity:undefined:undefined:undefined:undefined":7,"s:82:6:82:Infinity":30,"s:82:48:82:Infinity":31,"s:85:4:85:Infinity":32}}}
,"/Users/robertsasu/RustProjects/agentic-payments/x402_integration/multiversx-openclaw-relayer/src/services/QuotaManager.ts": {"path":"/Users/robertsasu/RustProjects/agentic-payments/x402_integration/multiversx-openclaw-relayer/src/services/QuotaManager.ts","statementMap":{"0":{"start":{"line":12,"column":4},"end":{"line":12,"column":null}},"1":{"start":{"line":13,"column":4},"end":{"line":13,"column":null}},"2":{"start":{"line":14,"column":4},"end":{"line":14,"column":null}},"3":{"start":{"line":18,"column":4},"end":{"line":24,"column":null}},"4":{"start":{"line":28,"column":16},"end":{"line":28,"column":null}},"5":{"start":{"line":29,"column":16},"end":{"line":31,"column":null}},"6":{"start":{"line":33,"column":4},"end":{"line":33,"column":null}},"7":{"start":{"line":33,"column":14},"end":{"line":33,"column":null}},"8":{"start":{"line":36,"column":4},"end":{"line":41,"column":null}},"9":{"start":{"line":37,"column":6},"end":{"line":39,"column":null}},"10":{"start":{"line":40,"column":6},"end":{"line":40,"column":null}},"11":{"start":{"line":43,"column":4},"end":{"line":43,"column":null}},"12":{"start":{"line":47,"column":16},"end":{"line":47,"column":null}},"13":{"start":{"line":48,"column":16},"end":{"line":50,"column":null}},"14":{"start":{"line":52,"column":4},"end":{"line":62,"column":null}},"15":{"start":{"line":53,"column":6},"end":{"line":57,"column":null}},"16":{"start":{"line":59,"column":6},"end":{"line":61,"column":null}}},"fnMap":{"0":{"name":"(anonymous_0)","decl":{"start":{"line":8,"column":2},"end":{"line":8,"column":null}},"loc":{"start":{"line":11,"column":4},"end":{"line":15,"column":null}},"line":11},"1":{"name":"(anonymous_1)","decl":{"start":{"line":17,"column":10},"end":{"line":17,"column":17}},"loc":{"start":{"line":17,"column":17},"end":{"line":25,"column":null}},"line":17},"2":{"name":"(anonymous_2)","decl":{"start":{"line":27,"column":2},"end":{"line":27,"column":13}},"loc":{"start":{"line":27,"column":39},"end":{"line":44,"column":null}},"line":27},"3":{"name":"(anonymous_3)","decl":{"start":{"line":46,"column":2},"end":{"line":46,"column":17}},"loc":{"start":{"line":46,"column":40},"end":{"line":63,"column":null}},"line":46}},"branchMap":{"0":{"loc":{"start":{"line":9,"column":4},"end":{"line":9,"column":null}},"type":"default-arg","locations":[{"start":{"line":9,"column":21},"end":{"line":9,"column":null}}],"line":9},"1":{"loc":{"start":{"line":10,"column":4},"end":{"line":10,"column":null}},"type":"default-arg","locations":[{"start":{"line":10,"column":20},"end":{"line":10,"column":null}}],"line":10},"2":{"loc":{"start":{"line":33,"column":4},"end":{"line":33,"column":null}},"type":"if","locations":[{"start":{"line":33,"column":4},"end":{"line":33,"column":null}},{"start":{},"end":{}}],"line":33},"3":{"loc":{"start":{"line":36,"column":4},"end":{"line":41,"column":null}},"type":"if","locations":[{"start":{"line":36,"column":4},"end":{"line":41,"column":null}},{"start":{},"end":{}}],"line":36},"4":{"loc":{"start":{"line":52,"column":4},"end":{"line":62,"column":null}},"type":"if","locations":[{"start":{"line":52,"column":4},"end":{"line":62,"column":null}},{"start":{"line":58,"column":11},"end":{"line":62,"column":null}}],"line":52}},"s":{"0":5,"1":5,"2":5,"3":5,"4":3,"5":3,"6":3,"7":2,"8":1,"9":0,"10":0,"11":1,"12":12,"13":12,"14":12,"15":3,"16":9},"f":{"0":5,"1":5,"2":3,"3":12},"b":{"0":[5],"1":[5],"2":[2,1],"3":[0,1],"4":[3,9]},"meta":{"lastBranch":5,"lastFunction":4,"lastStatement":17,"seen":{"f:8:2:8:Infinity":0,"b:9:21:9:Infinity":0,"b:10:20:10:Infinity":1,"s:12:4:12:Infinity":0,"s:13:4:13:Infinity":1,"s:14:4:14:Infinity":2,"f:17:10:17:17":1,"s:18:4:24:Infinity":3,"f:27:2:27:13":2,"s:28:16:28:Infinity":4,"s:29:16:31:Infinity":5,"b:33:4:33:Infinity:undefined:undefined:undefined:undefined":2,"s:33:4:33:Infinity":6,"s:33:14:33:Infinity":7,"b:36:4:41:Infinity:undefined:undefined:undefined:undefined":3,"s:36:4:41:Infinity":8,"s:37:6:39:Infinity":9,"s:40:6:40:Infinity":10,"s:43:4:43:Infinity":11,"f:46:2:46:17":3,"s:47:16:47:Infinity":12,"s:48:16:50:Infinity":13,"b:52:4:62:Infinity:58:11:62:Infinity":4,"s:52:4:62:Infinity":14,"s:53:6:57:Infinity":15,"s:59:6:61:Infinity":16}}}
,"/Users/robertsasu/RustProjects/agentic-payments/x402_integration/multiversx-openclaw-relayer/src/services/RelayerService.ts": {"path":"/Users/robertsasu/RustProjects/agentic-payments/x402_integration/multiversx-openclaw-relayer/src/services/RelayerService.ts","statementMap":{"0":{"start":{"line":54,"column":8},"end":{"line":54,"column":null}},"1":{"start":{"line":55,"column":8},"end":{"line":55,"column":null}},"2":{"start":{"line":56,"column":8},"end":{"line":56,"column":null}},"3":{"start":{"line":57,"column":8},"end":{"line":57,"column":null}},"4":{"start":{"line":58,"column":8},"end":{"line":58,"column":null}},"5":{"start":{"line":62,"column":8},"end":{"line":62,"column":null}},"6":{"start":{"line":66,"column":8},"end":{"line":78,"column":null}},"7":{"start":{"line":67,"column":30},"end":{"line":67,"column":null}},"8":{"start":{"line":68,"column":29},"end":{"line":68,"column":null}},"9":{"start":{"line":70,"column":29},"end":{"line":70,"column":null}},"10":{"start":{"line":71,"column":28},"end":{"line":71,"column":null}},"11":{"start":{"line":72,"column":28},"end":{"line":72,"column":null}},"12":{"start":{"line":74,"column":12},"end":{"line":74,"column":null}},"13":{"start":{"line":76,"column":12},"end":{"line":76,"column":null}},"14":{"start":{"line":77,"column":12},"end":{"line":77,"column":null}},"15":{"start":{"line":82,"column":8},"end":{"line":85,"column":null}},"16":{"start":{"line":83,"column":12},"end":{"line":83,"column":null}},"17":{"start":{"line":84,"column":12},"end":{"line":84,"column":null}},"18":{"start":{"line":87,"column":33},"end":{"line":87,"column":null}},"19":{"start":{"line":88,"column":8},"end":{"line":90,"column":null}},"20":{"start":{"line":92,"column":8},"end":{"line":123,"column":null}},"21":{"start":{"line":93,"column":26},"end":{"line":97,"column":null}},"22":{"start":{"line":99,"column":34},"end":{"line":99,"column":null}},"23":{"start":{"line":103,"column":16},"end":{"line":103,"column":null}},"24":{"start":{"line":105,"column":12},"end":{"line":110,"column":null}},"25":{"start":{"line":106,"column":16},"end":{"line":108,"column":null}},"26":{"start":{"line":109,"column":16},"end":{"line":109,"column":null}},"27":{"start":{"line":114,"column":24},"end":{"line":114,"column":null}},"28":{"start":{"line":116,"column":16},"end":{"line":116,"column":null}},"29":{"start":{"line":118,"column":12},"end":{"line":118,"column":null}},"30":{"start":{"line":119,"column":12},"end":{"line":119,"column":null}},"31":{"start":{"line":121,"column":12},"end":{"line":121,"column":null}},"32":{"start":{"line":122,"column":12},"end":{"line":122,"column":null}},"33":{"start":{"line":130,"column":23},"end":{"line":130,"column":null}},"34":{"start":{"line":131,"column":8},"end":{"line":131,"column":null}},"35":{"start":{"line":134,"column":8},"end":{"line":137,"column":null}},"36":{"start":{"line":135,"column":12},"end":{"line":135,"column":null}},"37":{"start":{"line":136,"column":12},"end":{"line":136,"column":null}},"38":{"start":{"line":140,"column":8},"end":{"line":140,"column":null}},"39":{"start":{"line":141,"column":29},"end":{"line":141,"column":null}},"40":{"start":{"line":143,"column":8},"end":{"line":159,"column":null}},"41":{"start":{"line":144,"column":12},"end":{"line":144,"column":null}},"42":{"start":{"line":146,"column":12},"end":{"line":148,"column":null}},"43":{"start":{"line":149,"column":12},"end":{"line":157,"column":null}},"44":{"start":{"line":153,"column":16},"end":{"line":153,"column":null}},"45":{"start":{"line":154,"column":16},"end":{"line":156,"column":null}},"46":{"start":{"line":158,"column":12},"end":{"line":158,"column":null}},"47":{"start":{"line":162,"column":8},"end":{"line":164,"column":null}},"48":{"start":{"line":163,"column":12},"end":{"line":163,"column":null}},"49":{"start":{"line":167,"column":30},"end":{"line":169,"column":null}},"50":{"start":{"line":170,"column":31},"end":{"line":170,"column":null}},"51":{"start":{"line":174,"column":8},"end":{"line":178,"column":null}},"52":{"start":{"line":175,"column":12},"end":{"line":177,"column":null}},"53":{"start":{"line":180,"column":8},"end":{"line":184,"column":null}},"54":{"start":{"line":181,"column":12},"end":{"line":183,"column":null}},"55":{"start":{"line":186,"column":25},"end":{"line":186,"column":null}},"56":{"start":{"line":187,"column":8},"end":{"line":189,"column":null}},"57":{"start":{"line":192,"column":8},"end":{"line":192,"column":null}},"58":{"start":{"line":193,"column":8},"end":{"line":219,"column":null}},"59":{"start":{"line":194,"column":37},"end":{"line":194,"column":null}},"60":{"start":{"line":195,"column":12},"end":{"line":198,"column":null}},"61":{"start":{"line":201,"column":37},"end":{"line":201,"column":null}},"62":{"start":{"line":202,"column":34},"end":{"line":202,"column":null}},"63":{"start":{"line":204,"column":16},"end":{"line":204,"column":null}},"64":{"start":{"line":206,"column":16},"end":{"line":206,"column":null}},"65":{"start":{"line":208,"column":12},"end":{"line":213,"column":null}},"66":{"start":{"line":210,"column":20},"end":{"line":210,"column":null}},"67":{"start":{"line":211,"column":16},"end":{"line":211,"column":null}},"68":{"start":{"line":212,"column":16},"end":{"line":212,"column":null}},"69":{"start":{"line":214,"column":12},"end":{"line":214,"column":null}},"70":{"start":{"line":216,"column":28},"end":{"line":216,"column":null}},"71":{"start":{"line":217,"column":12},"end":{"line":217,"column":null}},"72":{"start":{"line":218,"column":12},"end":{"line":218,"column":null}},"73":{"start":{"line":222,"column":8},"end":{"line":222,"column":null}},"74":{"start":{"line":223,"column":8},"end":{"line":232,"column":null}},"75":{"start":{"line":224,"column":25},"end":{"line":224,"column":null}},"76":{"start":{"line":225,"column":12},"end":{"line":225,"column":null}},"77":{"start":{"line":226,"column":12},"end":{"line":226,"column":null}},"78":{"start":{"line":227,"column":12},"end":{"line":227,"column":null}},"79":{"start":{"line":229,"column":28},"end":{"line":229,"column":null}},"80":{"start":{"line":230,"column":12},"end":{"line":230,"column":null}},"81":{"start":{"line":231,"column":12},"end":{"line":231,"column":null}}},"fnMap":{"0":{"name":"(anonymous_0)","decl":{"start":{"line":47,"column":4},"end":{"line":47,"column":null}},"loc":{"start":{"line":53,"column":6},"end":{"line":59,"column":null}},"line":53},"1":{"name":"(anonymous_1)","decl":{"start":{"line":61,"column":11},"end":{"line":61,"column":36}},"loc":{"start":{"line":61,"column":65},"end":{"line":63,"column":null}},"line":61},"2":{"name":"(anonymous_2)","decl":{"start":{"line":65,"column":10},"end":{"line":65,"column":30}},"loc":{"start":{"line":65,"column":65},"end":{"line":79,"column":null}},"line":65},"3":{"name":"(anonymous_3)","decl":{"start":{"line":81,"column":10},"end":{"line":81,"column":23}},"loc":{"start":{"line":81,"column":59},"end":{"line":124,"column":null}},"line":81},"4":{"name":"(anonymous_4)","decl":{"start":{"line":126,"column":10},"end":{"line":126,"column":null}},"loc":{"start":{"line":129,"column":23},"end":{"line":233,"column":null}},"line":129}},"branchMap":{"0":{"loc":{"start":{"line":52,"column":8},"end":{"line":52,"column":null}},"type":"default-arg","locations":[{"start":{"line":52,"column":38},"end":{"line":52,"column":null}}],"line":52},"1":{"loc":{"start":{"line":82,"column":8},"end":{"line":85,"column":null}},"type":"if","locations":[{"start":{"line":82,"column":8},"end":{"line":85,"column":null}},{"start":{},"end":{}}],"line":82},"2":{"loc":{"start":{"line":103,"column":16},"end":{"line":103,"column":null}},"type":"binary-expr","locations":[{"start":{"line":103,"column":16},"end":{"line":103,"column":44}},{"start":{"line":103,"column":44},"end":{"line":103,"column":null}}],"line":103},"3":{"loc":{"start":{"line":105,"column":12},"end":{"line":110,"column":null}},"type":"if","locations":[{"start":{"line":105,"column":12},"end":{"line":110,"column":null}},{"start":{},"end":{}}],"line":105},"4":{"loc":{"start":{"line":105,"column":16},"end":{"line":105,"column":56}},"type":"binary-expr","locations":[{"start":{"line":105,"column":16},"end":{"line":105,"column":31}},{"start":{"line":105,"column":31},"end":{"line":105,"column":56}}],"line":105},"5":{"loc":{"start":{"line":116,"column":16},"end":{"line":116,"column":null}},"type":"cond-expr","locations":[{"start":{"line":116,"column":33},"end":{"line":116,"column":69}},{"start":{"line":116,"column":69},"end":{"line":116,"column":null}}],"line":116},"6":{"loc":{"start":{"line":134,"column":8},"end":{"line":137,"column":null}},"type":"if","locations":[{"start":{"line":134,"column":8},"end":{"line":137,"column":null}},{"start":{},"end":{}}],"line":134},"7":{"loc":{"start":{"line":143,"column":8},"end":{"line":159,"column":null}},"type":"if","locations":[{"start":{"line":143,"column":8},"end":{"line":159,"column":null}},{"start":{"line":145,"column":15},"end":{"line":159,"column":null}}],"line":143},"8":{"loc":{"start":{"line":149,"column":12},"end":{"line":157,"column":null}},"type":"if","locations":[{"start":{"line":149,"column":12},"end":{"line":157,"column":null}},{"start":{},"end":{}}],"line":149},"9":{"loc":{"start":{"line":150,"column":16},"end":{"line":151,"column":null}},"type":"binary-expr","locations":[{"start":{"line":150,"column":16},"end":{"line":150,"column":null}},{"start":{"line":151,"column":16},"end":{"line":151,"column":null}}],"line":150},"10":{"loc":{"start":{"line":162,"column":8},"end":{"line":164,"column":null}},"type":"if","locations":[{"start":{"line":162,"column":8},"end":{"line":164,"column":null}},{"start":{},"end":{}}],"line":162},"11":{"loc":{"start":{"line":174,"column":8},"end":{"line":178,"column":null}},"type":"if","locations":[{"start":{"line":174,"column":8},"end":{"line":178,"column":null}},{"start":{},"end":{}}],"line":174},"12":{"loc":{"start":{"line":174,"column":12},"end":{"line":174,"column":78}},"type":"binary-expr","locations":[{"start":{"line":174,"column":12},"end":{"line":174,"column":27}},{"start":{"line":174,"column":27},"end":{"line":174,"column":78}}],"line":174},"13":{"loc":{"start":{"line":180,"column":8},"end":{"line":184,"column":null}},"type":"if","locations":[{"start":{"line":180,"column":8},"end":{"line":184,"column":null}},{"start":{},"end":{}}],"line":180},"14":{"loc":{"start":{"line":204,"column":16},"end":{"line":204,"column":null}},"type":"binary-expr","locations":[{"start":{"line":204,"column":16},"end":{"line":204,"column":47}},{"start":{"line":204,"column":47},"end":{"line":204,"column":null}}],"line":204},"15":{"loc":{"start":{"line":206,"column":16},"end":{"line":206,"column":null}},"type":"binary-expr","locations":[{"start":{"line":206,"column":16},"end":{"line":206,"column":36}},{"start":{"line":206,"column":36},"end":{"line":206,"column":53}},{"start":{"line":206,"column":53},"end":{"line":206,"column":null}}],"line":206},"16":{"loc":{"start":{"line":208,"column":12},"end":{"line":213,"column":null}},"type":"if","locations":[{"start":{"line":208,"column":12},"end":{"line":213,"column":null}},{"start":{},"end":{}}],"line":208},"17":{"loc":{"start":{"line":210,"column":20},"end":{"line":210,"column":null}},"type":"binary-expr","locations":[{"start":{"line":210,"column":20},"end":{"line":210,"column":42}},{"start":{"line":210,"column":42},"end":{"line":210,"column":69}},{"start":{"line":210,"column":69},"end":{"line":210,"column":null}}],"line":210},"18":{"loc":{"start":{"line":216,"column":28},"end":{"line":216,"column":null}},"type":"cond-expr","locations":[{"start":{"line":216,"column":56},"end":{"line":216,"column":75}},{"start":{"line":216,"column":75},"end":{"line":216,"column":null}}],"line":216},"19":{"loc":{"start":{"line":229,"column":28},"end":{"line":229,"column":null}},"type":"cond-expr","locations":[{"start":{"line":229,"column":53},"end":{"line":229,"column":69}},{"start":{"line":229,"column":69},"end":{"line":229,"column":null}}],"line":229}},"s":{"0":5,"1":5,"2":5,"3":5,"4":5,"5":0,"6":3,"7":3,"8":3,"9":3,"10":3,"11":3,"12":3,"13":0,"14":0,"15":2,"16":0,"17":0,"18":2,"19":2,"20":2,"21":2,"22":2,"23":2,"24":2,"25":0,"26":0,"27":2,"28":2,"29":2,"30":2,"31":0,"32":0,"33":3,"34":3,"35":3,"36":1,"37":1,"38":2,"39":2,"40":2,"41":2,"42":0,"43":0,"44":0,"45":0,"46":0,"47":2,"48":0,"49":2,"50":2,"51":2,"52":0,"53":2,"54":0,"55":2,"56":2,"57":2,"58":2,"59":2,"60":2,"61":2,"62":3,"63":3,"64":3,"65":3,"66":0,"67":0,"68":0,"69":2,"70":0,"71":0,"72":0,"73":2,"74":2,"75":2,"76":2,"77":2,"78":2,"79":0,"80":0,"81":0},"f":{"0":5,"1":0,"2":3,"3":2,"4":3},"b":{"0":[5],"1":[0,2],"2":[2,0],"3":[0,2],"4":[2,2],"5":[2,0],"6":[1,2],"7":[2,0],"8":[0,0],"9":[0,0],"10":[0,2],"11":[0,2],"12":[2,2],"13":[0,2],"14":[3,0],"15":[3,2,2],"16":[0,3],"17":[0,0,0],"18":[0,0],"19":[0,0]},"meta":{"lastBranch":20,"lastFunction":5,"lastStatement":82,"seen":{"f:47:4:47:Infinity":0,"b:52:38:52:Infinity":0,"s:54:8:54:Infinity":0,"s:55:8:55:Infinity":1,"s:56:8:56:Infinity":2,"s:57:8:57:Infinity":3,"s:58:8:58:Infinity":4,"f:61:11:61:36":1,"s:62:8:62:Infinity":5,"f:65:10:65:30":2,"s:66:8:78:Infinity":6,"s:67:30:67:Infinity":7,"s:68:29:68:Infinity":8,"s:70:29:70:Infinity":9,"s:71:28:71:Infinity":10,"s:72:28:72:Infinity":11,"s:74:12:74:Infinity":12,"s:76:12:76:Infinity":13,"s:77:12:77:Infinity":14,"f:81:10:81:23":3,"b:82:8:85:Infinity:undefined:undefined:undefined:undefined":1,"s:82:8:85:Infinity":15,"s:83:12:83:Infinity":16,"s:84:12:84:Infinity":17,"s:87:33:87:Infinity":18,"s:88:8:90:Infinity":19,"s:92:8:123:Infinity":20,"s:93:26:97:Infinity":21,"s:99:34:99:Infinity":22,"s:103:16:103:Infinity":23,"b:103:16:103:44:103:44:103:Infinity":2,"b:105:12:110:Infinity:undefined:undefined:undefined:undefined":3,"s:105:12:110:Infinity":24,"b:105:16:105:31:105:31:105:56":4,"s:106:16:108:Infinity":25,"s:109:16:109:Infinity":26,"s:114:24:114:Infinity":27,"s:116:16:116:Infinity":28,"b:116:33:116:69:116:69:116:Infinity":5,"s:118:12:118:Infinity":29,"s:119:12:119:Infinity":30,"s:121:12:121:Infinity":31,"s:122:12:122:Infinity":32,"f:126:10:126:Infinity":4,"s:130:23:130:Infinity":33,"s:131:8:131:Infinity":34,"b:134:8:137:Infinity:undefined:undefined:undefined:undefined":6,"s:134:8:137:Infinity":35,"s:135:12:135:Infinity":36,"s:136:12:136:Infinity":37,"s:140:8:140:Infinity":38,"s:141:29:141:Infinity":39,"b:143:8:159:Infinity:145:15:159:Infinity":7,"s:143:8:159:Infinity":40,"s:144:12:144:Infinity":41,"s:146:12:148:Infinity":42,"b:149:12:157:Infinity:undefined:undefined:undefined:undefined":8,"s:149:12:157:Infinity":43,"b:150:16:150:Infinity:151:16:151:Infinity":9,"s:153:16:153:Infinity":44,"s:154:16:156:Infinity":45,"s:158:12:158:Infinity":46,"b:162:8:164:Infinity:undefined:undefined:undefined:undefined":10,"s:162:8:164:Infinity":47,"s:163:12:163:Infinity":48,"s:167:30:169:Infinity":49,"s:170:31:170:Infinity":50,"b:174:8:178:Infinity:undefined:undefined:undefined:undefined":11,"s:174:8:178:Infinity":51,"b:174:12:174:27:174:27:174:78":12,"s:175:12:177:Infinity":52,"b:180:8:184:Infinity:undefined:undefined:undefined:undefined":13,"s:180:8:184:Infinity":53,"s:181:12:183:Infinity":54,"s:186:25:186:Infinity":55,"s:187:8:189:Infinity":56,"s:192:8:192:Infinity":57,"s:193:8:219:Infinity":58,"s:194:37:194:Infinity":59,"s:195:12:198:Infinity":60,"s:201:37:201:Infinity":61,"s:202:34:202:Infinity":62,"s:204:16:204:Infinity":63,"b:204:16:204:47:204:47:204:Infinity":14,"s:206:16:206:Infinity":64,"b:206:16:206:36:206:36:206:53:206:53:206:Infinity":15,"b:208:12:213:Infinity:undefined:undefined:undefined:undefined":16,"s:208:12:213:Infinity":65,"s:210:20:210:Infinity":66,"b:210:20:210:42:210:42:210:69:210:69:210:Infinity":17,"s:211:16:211:Infinity":67,"s:212:16:212:Infinity":68,"s:214:12:214:Infinity":69,"s:216:28:216:Infinity":70,"b:216:56:216:75:216:75:216:Infinity":18,"s:217:12:217:Infinity":71,"s:218:12:218:Infinity":72,"s:222:8:222:Infinity":73,"s:223:8:232:Infinity":74,"s:224:25:224:Infinity":75,"s:225:12:225:Infinity":76,"s:226:12:226:Infinity":77,"s:227:12:227:Infinity":78,"s:229:28:229:Infinity":79,"b:229:53:229:69:229:69:229:Infinity":19,"s:230:12:230:Infinity":80,"s:231:12:231:Infinity":81}}}
}
